/createQueue?queueName=test3
/createQueue?queueName=test11
/createQueue?queueName=test7
/deleteQueue?queueName=test3
/createQueue?queueName=test0
/createQueue?queueName=test1
/createQueue?queueName=test4
/createQueue?queueName=helloWorld
/putMessage?queueName=test0&message=helloWorld&mId=1
/deleteMessage?queueName=test0&mId=1
/putMessage?queueName=test0&message=helloWorld&mId=2
/putMessage?queueName=test1&message=helloWorld&mId=1/createQueue?queueName=helloWorld
/putMessage?queueName=helloWorld&message=msg1&mId=1
/putMessage?queueName=helloWorld&message=msg1&mId=2
/putMessage?queueName=helloWorld&message=msg1&mId=3
/putMessage?queueName=helloWorld&message=msg1&mId=4
/putMessage?queueName=helloWorld&message=msg1&mId=5
/putMessage?queueName=helloWorld&message=msg1&mId=6
/putMessage?queueName=helloWorld&message=msg1&mId=7
/putMessage?queueName=helloWorld&message=msg1&mId=8
/putMessage?queueName=helloWorld&message=msg1&mId=9
/putMessage?queueName=helloWorld&message=msg1&mId=10
/putMessage?queueName=helloWorld&message=msg1&mId=11
/putMessage?queueName=helloWorld&message=msg1&mId=12
/putMessage?queueName=helloWorld&message=msg1&mId=13
/putMessage?queueName=helloWorld&message=msg1&mId=14
/createQueue?queueName=helloWorld0
/putMessage?queueName=helloWorld0&message=msg1&mId=1
/putMessage?queueName=helloWorld0&message=msg2&mId=2
/putMessage?queueName=helloWorld0&message=msg3&mId=3
/putMessage?queueName=helloWorld0&message=msg4&mId=4
/putMessage?queueName=helloWorld0&message=msg5&mId=5
/putMessage?queueName=helloWorld0&message=msg6&mId=6
/putMessage?queueName=helloWorld0&message=msg7&mId=7
/putMessage?queueName=helloWorld0&message=msg8&mId=8
/createQueue?queueName=helloWorld1
/putMessage?queueName=helloWorld1&message=msg11&mId=1
/putMessage?queueName=helloWorld1&message=msg12&mId=2
/putMessage?queueName=helloWorld1&message=msg13&mId=3
/putMessage?queueName=helloWorld1&message=msg14&mId=4
/createQueue?queueName=helloWorld2
/putMessage?queueName=helloWorld2&message=msg21&mId=1
/putMessage?queueName=helloWorld2&message=msg22&mId=2
/putMessage?queueName=helloWorld2&message=msg23&mId=3
/putMessage?queueName=helloWorld2&message=msg24&mId=4
/deleteMessage?queueName=helloWorld1&mId=1
/deleteMessage?queueName=helloWorld1&mId=2
/deleteMessage?queueName=helloWorld1&mId=3
/deleteMessage?queueName=helloWorld1&mId=4
/deleteQueue?queueName=helloWorld2
/putMessage?queueName=helloWorld0&message=msg1&mId=9
/putMessage?queueName=helloWorld0&message=msg2&mId=10
/putMessage?queueName=helloWorld0&message=msg3&mId=11
/putMessage?queueName=helloWorld0&message=msg4&mId=12
/putMessage?queueName=helloWorld0&message=msg5&mId=13
/putMessage?queueName=helloWorld0&message=msg6&mId=14
/putMessage?queueName=helloWorld0&message=msg7&mId=15
/putMessage?queueName=helloWorld0&message=msg8&mId=16
/putMessage?queueName=helloWorld1&message=msg11&mId=5
/putMessage?queueName=helloWorld1&message=msg12&mId=6
/putMessage?queueName=helloWorld1&message=msg13&mId=7
/putMessage?queueName=helloWorld1&message=msg14&mId=8
/createQueue?queueName=helloWorld2
/putMessage?queueName=helloWorld2&message=msg21&mId=1
/putMessage?queueName=helloWorld2&message=msg22&mId=2
/putMessage?queueName=helloWorld2&message=msg23&mId=3
/putMessage?queueName=helloWorld2&message=msg24&mId=4
/deleteQueue?queueName=helloWorld2
/putMessage?queueName=helloWorld0&message=msg1&mId=17
/putMessage?queueName=helloWorld0&message=msg2&mId=18
/putMessage?queueName=helloWorld0&message=msg3&mId=19
/putMessage?queueName=helloWorld0&message=msg4&mId=20
/putMessage?queueName=helloWorld0&message=msg5&mId=21
/putMessage?queueName=helloWorld0&message=msg6&mId=22
/putMessage?queueName=helloWorld0&message=msg7&mId=23
/putMessage?queueName=helloWorld0&message=msg8&mId=24
/putMessage?queueName=helloWorld1&message=msg11&mId=9
/putMessage?queueName=helloWorld1&message=msg12&mId=10
/putMessage?queueName=helloWorld1&message=msg13&mId=11
/putMessage?queueName=helloWorld1&message=msg14&mId=12
/createQueue?queueName=helloWorld2
/putMessage?queueName=helloWorld2&message=msg21&mId=1
/putMessage?queueName=helloWorld2&message=msg22&mId=2
/putMessage?queueName=helloWorld2&message=msg23&mId=3
/putMessage?queueName=helloWorld2&message=msg24&mId=4
/deleteQueue?queueName=helloWorld2
/putMessage?queueName=helloWorld0&message=msg1&mId=25
/putMessage?queueName=helloWorld0&message=msg2&mId=26
/putMessage?queueName=helloWorld0&message=msg3&mId=27
/putMessage?queueName=helloWorld0&message=msg4&mId=28
/putMessage?queueName=helloWorld0&message=msg5&mId=29
/putMessage?queueName=helloWorld0&message=msg6&mId=30
/putMessage?queueName=helloWorld0&message=msg7&mId=31
/putMessage?queueName=helloWorld0&message=msg8&mId=32
/putMessage?queueName=helloWorld1&message=msg11&mId=13
/putMessage?queueName=helloWorld1&message=msg12&mId=14
/putMessage?queueName=helloWorld1&message=msg13&mId=15
/putMessage?queueName=helloWorld1&message=msg14&mId=16
/createQueue?queueName=helloWorld2
/putMessage?queueName=helloWorld2&message=msg21&mId=1
/putMessage?queueName=helloWorld2&message=msg22&mId=2
/putMessage?queueName=helloWorld2&message=msg23&mId=3
/putMessage?queueName=helloWorld2&message=msg24&mId=4
/deleteQueue?queueName=helloWorld2
/putMessage?queueName=helloWorld0&message=msg1&mId=33
/putMessage?queueName=helloWorld0&message=msg2&mId=34
/putMessage?queueName=helloWorld0&message=msg3&mId=35
/putMessage?queueName=helloWorld0&message=msg4&mId=36
/putMessage?queueName=helloWorld0&message=msg5&mId=37
/putMessage?queueName=helloWorld0&message=msg6&mId=38
/putMessage?queueName=helloWorld0&message=msg7&mId=39
/putMessage?queueName=helloWorld0&message=msg8&mId=40
/putMessage?queueName=helloWorld1&message=msg11&mId=17
/putMessage?queueName=helloWorld1&message=msg12&mId=18
/putMessage?queueName=helloWorld1&message=msg13&mId=19
/putMessage?queueName=helloWorld1&message=msg14&mId=20
/createQueue?queueName=helloWorld2
/putMessage?queueName=helloWorld2&message=msg21&mId=1
/putMessage?queueName=helloWorld2&message=msg22&mId=2
/putMessage?queueName=helloWorld2&message=msg23&mId=3
/putMessage?queueName=helloWorld2&message=msg24&mId=4
/deleteQueue?queueName=helloWorld2
/putMessage?queueName=helloWorld0&message=msg1&mId=41
/putMessage?queueName=helloWorld0&message=msg2&mId=42
/putMessage?queueName=helloWorld0&message=msg3&mId=43
/putMessage?queueName=helloWorld0&message=msg4&mId=44
/putMessage?queueName=helloWorld0&message=msg5&mId=45
/putMessage?queueName=helloWorld0&message=msg6&mId=46
/putMessage?queueName=helloWorld0&message=msg7&mId=47
/putMessage?queueName=helloWorld0&message=msg8&mId=48
/putMessage?queueName=helloWorld1&message=msg11&mId=21
/putMessage?queueName=helloWorld1&message=msg12&mId=22
/putMessage?queueName=helloWorld1&message=msg13&mId=23
/putMessage?queueName=helloWorld1&message=msg14&mId=24
/createQueue?queueName=helloWorld2
/putMessage?queueName=helloWorld2&message=msg21&mId=1
/putMessage?queueName=helloWorld2&message=msg22&mId=2
/putMessage?queueName=helloWorld2&message=msg23&mId=3
/putMessage?queueName=helloWorld2&message=msg24&mId=4
/deleteQueue?queueName=helloWorld2
/putMessage?queueName=helloWorld0&message=msg1&mId=49
/putMessage?queueName=helloWorld0&message=msg2&mId=50
/putMessage?queueName=helloWorld0&message=msg3&mId=51
/putMessage?queueName=helloWorld0&message=msg4&mId=52
/putMessage?queueName=helloWorld0&message=msg5&mId=53
/putMessage?queueName=helloWorld0&message=msg6&mId=54
/putMessage?queueName=helloWorld0&message=msg7&mId=55
/putMessage?queueName=helloWorld0&message=msg8&mId=56
/putMessage?queueName=helloWorld1&message=msg11&mId=25
/putMessage?queueName=helloWorld1&message=msg12&mId=26
/putMessage?queueName=helloWorld1&message=msg13&mId=27
/putMessage?queueName=helloWorld1&message=msg14&mId=28
/createQueue?queueName=helloWorld2
/putMessage?queueName=helloWorld2&message=msg21&mId=1
/putMessage?queueName=helloWorld2&message=msg22&mId=2
/putMessage?queueName=helloWorld2&message=msg23&mId=3
/putMessage?queueName=helloWorld2&message=msg24&mId=4
/deleteMessage?queueName=helloWorld1&mId=25
/deleteMessage?queueName=helloWorld1&mId=26
/deleteMessage?queueName=helloWorld1&mId=27
/deleteMessage?queueName=helloWorld1&mId=28
/deleteQueue?queueName=helloWorld2
/putMessage?queueName=helloWorld0&message=msg1&mId=57
/putMessage?queueName=helloWorld0&message=msg2&mId=58
/putMessage?queueName=helloWorld0&message=msg3&mId=59
/putMessage?queueName=helloWorld0&message=msg4&mId=60
/putMessage?queueName=helloWorld0&message=msg5&mId=61
/putMessage?queueName=helloWorld0&message=msg6&mId=62
/putMessage?queueName=helloWorld0&message=msg7&mId=63
/putMessage?queueName=helloWorld0&message=msg8&mId=64
/putMessage?queueName=helloWorld1&message=msg11&mId=29
/putMessage?queueName=helloWorld1&message=msg12&mId=30
/putMessage?queueName=helloWorld1&message=msg13&mId=31
/putMessage?queueName=helloWorld1&message=msg14&mId=32
/createQueue?queueName=helloWorld2
/putMessage?queueName=helloWorld2&message=msg21&mId=1
/putMessage?queueName=helloWorld2&message=msg22&mId=2
/putMessage?queueName=helloWorld2&message=msg23&mId=3
/putMessage?queueName=helloWorld2&message=msg24&mId=4
/deleteMessage?queueName=helloWorld1&mId=29
/deleteMessage?queueName=helloWorld1&mId=30
/deleteMessage?queueName=helloWorld1&mId=31
/deleteMessage?queueName=helloWorld1&mId=32
/deleteQueue?queueName=helloWorld2
